<?xml version="1.0" encoding="UTF-8"?>
<testsuite xmlns:xsi="http://www.w3.org/2001/XMLSchema-instance" xsi:noNamespaceSchemaLocation="https://maven.apache.org/surefire/maven-surefire-plugin/xsd/surefire-test-report-3.0.xsd" version="3.0" name="sorting.test.StudentSortingTest" time="0.122" tests="5" errors="0" skipped="0" failures="0">
  <properties>
    <property name="java.specification.version" value="17"/>
    <property name="sun.cpu.isalist" value="amd64"/>
    <property name="sun.jnu.encoding" value="Cp1252"/>
    <property name="java.class.path" value="C:\Users\Yasmi\OneDrive\Área de Trabalho\LEDA\LEDA\R02-01-Rot-RecursiveSorting-Quick3-Merge-environment\target\test-classes;C:\Users\Yasmi\OneDrive\Área de Trabalho\LEDA\LEDA\R02-01-Rot-RecursiveSorting-Quick3-Merge-environment\target\classes;C:\Users\Yasmi\.m2\repository\junit\junit\4.13.1\junit-4.13.1.jar;C:\Users\Yasmi\.m2\repository\org\hamcrest\hamcrest-core\1.3\hamcrest-core-1.3.jar;"/>
    <property name="java.vm.vendor" value="Azul Systems, Inc."/>
    <property name="sun.arch.data.model" value="64"/>
    <property name="user.variant" value=""/>
    <property name="java.vendor.url" value="http://www.azul.com/"/>
    <property name="user.timezone" value="America/Sao_Paulo"/>
    <property name="os.name" value="Windows 10"/>
    <property name="java.vm.specification.version" value="17"/>
    <property name="sun.java.launcher" value="SUN_STANDARD"/>
    <property name="user.country" value="BR"/>
    <property name="sun.boot.library.path" value="C:\Program Files (x86)\Java\zulu17.50.19-ca-jdk17.0.11-win_x64\bin"/>
    <property name="sun.java.command" value="C:\Users\Yasmi\AppData\Local\Temp\surefire1872442803052646615\surefirebooter-20241217133301030_3.jar C:\Users\Yasmi\AppData\Local\Temp\surefire1872442803052646615 2024-12-17T13-33-00_779-jvmRun1 surefire-20241217133301030_1tmp surefire_0-20241217133301030_2tmp"/>
    <property name="jdk.debug" value="release"/>
    <property name="surefire.test.class.path" value="C:\Users\Yasmi\OneDrive\Área de Trabalho\LEDA\LEDA\R02-01-Rot-RecursiveSorting-Quick3-Merge-environment\target\test-classes;C:\Users\Yasmi\OneDrive\Área de Trabalho\LEDA\LEDA\R02-01-Rot-RecursiveSorting-Quick3-Merge-environment\target\classes;C:\Users\Yasmi\.m2\repository\junit\junit\4.13.1\junit-4.13.1.jar;C:\Users\Yasmi\.m2\repository\org\hamcrest\hamcrest-core\1.3\hamcrest-core-1.3.jar;"/>
    <property name="sun.cpu.endian" value="little"/>
    <property name="user.home" value="C:\Users\Yasmi"/>
    <property name="user.language" value="pt"/>
    <property name="java.specification.vendor" value="Oracle Corporation"/>
    <property name="java.version.date" value="2024-04-16"/>
    <property name="java.home" value="C:\Program Files (x86)\Java\zulu17.50.19-ca-jdk17.0.11-win_x64"/>
    <property name="file.separator" value="\"/>
    <property name="basedir" value="C:\Users\Yasmi\OneDrive\Área de Trabalho\LEDA\LEDA\R02-01-Rot-RecursiveSorting-Quick3-Merge-environment"/>
    <property name="java.vm.compressedOopsMode" value="32-bit"/>
    <property name="line.separator" value="&#10;"/>
    <property name="java.vm.specification.vendor" value="Oracle Corporation"/>
    <property name="java.specification.name" value="Java Platform API Specification"/>
    <property name="surefire.real.class.path" value="C:\Users\Yasmi\AppData\Local\Temp\surefire1872442803052646615\surefirebooter-20241217133301030_3.jar"/>
    <property name="user.script" value=""/>
    <property name="sun.management.compiler" value="HotSpot 64-Bit Tiered Compilers"/>
    <property name="java.runtime.version" value="17.0.11+9-LTS"/>
    <property name="user.name" value="Yasmi"/>
    <property name="path.separator" value=";"/>
    <property name="os.version" value="10.0"/>
    <property name="java.runtime.name" value="OpenJDK Runtime Environment"/>
    <property name="file.encoding" value="Cp1252"/>
    <property name="java.vm.name" value="OpenJDK 64-Bit Server VM"/>
    <property name="java.vendor.version" value="Zulu17.50+19-CA"/>
    <property name="localRepository" value="C:\Users\Yasmi\.m2\repository"/>
    <property name="java.vendor.url.bug" value="http://www.azul.com/support/"/>
    <property name="java.io.tmpdir" value="C:\Users\Yasmi\AppData\Local\Temp\"/>
    <property name="java.version" value="17.0.11"/>
    <property name="user.dir" value="C:\Users\Yasmi\OneDrive\Área de Trabalho\LEDA\LEDA\R02-01-Rot-RecursiveSorting-Quick3-Merge-environment"/>
    <property name="os.arch" value="amd64"/>
    <property name="java.vm.specification.name" value="Java Virtual Machine Specification"/>
    <property name="sun.os.patch.level" value=""/>
    <property name="native.encoding" value="Cp1252"/>
    <property name="java.library.path" value="C:\Program Files (x86)\Java\zulu17.50.19-ca-jdk17.0.11-win_x64\bin;C:\WINDOWS\Sun\Java\bin;C:\WINDOWS\system32;C:\WINDOWS;C:\Program Files (x86)\Java\zulu17.50.19-ca-jdk17.0.11-win_x64\bin;C:\Program Files (x86)\Intel\iCLS Client\;C:\Program Files\Intel\iCLS Client\;C:\WINDOWS\system32;C:\WINDOWS;C:\WINDOWS\System32\Wbem;C:\WINDOWS\System32\WindowsPowerShell\v1.0\;C:\Program Files (x86)\Intel\Intel(R) Management Engine Components\DAL;C:\Program Files\Intel\Intel(R) Management Engine Components\DAL;C:\Program Files (x86)\Intel\Intel(R) Management Engine Components\IPT;C:\Program Files\Intel\Intel(R) Management Engine Components\IPT;C:\WINDOWS\System32\OpenSSH\;C:\Program Files\Git\cmd;C:\apache-maven-3.9.9\bin;C:\Users\Yasmi\AppData\Local\Microsoft\WindowsApps;C:\Users\Yasmi\AppData\Local\Programs\Microsoft VS Code\bin;."/>
    <property name="java.vm.info" value="mixed mode, sharing"/>
    <property name="java.vendor" value="Azul Systems, Inc."/>
    <property name="java.vm.version" value="17.0.11+9-LTS"/>
    <property name="sun.io.unicode.encoding" value="UnicodeLittle"/>
    <property name="java.class.version" value="61.0"/>
  </properties>
  <testcase name="testSort01" classname="sorting.test.StudentSortingTest" time="0.008"/>
  <testcase name="testSort02" classname="sorting.test.StudentSortingTest" time="0.0"/>
  <testcase name="testSort03" classname="sorting.test.StudentSortingTest" time="0.0"/>
  <testcase name="testSort04" classname="sorting.test.StudentSortingTest" time="0.0"/>
  <testcase name="testSort05" classname="sorting.test.StudentSortingTest" time="0.0"/>
</testsuite>